Arguments: 
  /home/alaelcio/.nvm/versions/node/v16.17.0/bin/node /home/alaelcio/.nvm/versions/node/v16.17.0/bin/yarn add phosphor-react

PATH: 
  /home/alaelcio/.nvm/versions/node/v16.17.0/bin:/usr/local/sbin:/usr/local/bin:/usr/sbin:/usr/bin:/sbin:/bin:/usr/games:/usr/local/games:/snap/bin:/home/alaelcio/Android/Sdk/emulator:/home/alaelcio/Android/Sdk/tools:/home/alaelcio/Android/Sdk/tools/bin:/home/alaelcio/Android/Sdk/platform-tools:/home/alaelcio/Android/Sdk/emulator:/home/alaelcio/Android/Sdk/tools:/home/alaelcio/Android/Sdk/tools/bin:/home/alaelcio/Android/Sdk/platform-tools

Yarn version: 
  1.22.11

Node version: 
  16.17.0

Platform: 
  linux x64

Trace: 
  Error: https://registry.yarnpkg.com/react: ESOCKETTIMEDOUT
      at ClientRequest.<anonymous> (/home/alaelcio/.nvm/versions/node/v16.17.0/lib/node_modules/yarn/lib/cli.js:141390:19)
      at Object.onceWrapper (node:events:627:28)
      at ClientRequest.emit (node:events:513:28)
      at TLSSocket.emitRequestTimeout (node:_http_client:814:9)
      at Object.onceWrapper (node:events:627:28)
      at TLSSocket.emit (node:events:525:35)
      at TLSSocket.Socket._onTimeout (node:net:526:8)
      at listOnTimeout (node:internal/timers:559:17)
      at processTimers (node:internal/timers:502:7)

npm manifest: 
  {
    "name": "projetovits",
    "private": true,
    "version": "0.0.0",
    "type": "module",
    "scripts": {
      "dev": "vite",
      "build": "tsc && vite build",
      "preview": "vite preview"
    },
    "dependencies": {
      "react": "^18.2.0",
      "react-dom": "^18.2.0"
    },
    "devDependencies": {
      "@types/react": "^18.0.26",
      "@types/react-dom": "^18.0.9",
      "@vitejs/plugin-react": "^3.0.0",
      "autoprefixer": "^10.4.13",
      "postcss": "^8.4.20",
      "tailwindcss": "^3.2.4",
      "typescript": "^4.9.3",
      "vite": "^4.0.0"
    }
  }

yarn manifest: 
  No manifest

Lockfile: 
  No lockfile
